22:10:09.923 [restartedMain] INFO  com.spring.Application - Starting Application using Java 21.0.1 with PID 14430 (/Users/acaibird/Documents/CodeExperimentSpace/Java/spring/target/classes started by acaibird in /Users/acaibird/Documents/CodeExperimentSpace/Java/spring)
22:10:09.924 [restartedMain] INFO  com.spring.Application - No active profile set, falling back to 1 default profile: "default"
22:10:09.942 [restartedMain] INFO  o.s.b.d.e.DevToolsPropertyDefaultsPostProcessor - Devtools property defaults active! Set 'spring.devtools.add-properties' to 'false' to disable
22:10:09.942 [restartedMain] INFO  o.s.b.d.e.DevToolsPropertyDefaultsPostProcessor - For additional web related logging consider setting the 'logging.level.web' property to 'DEBUG'
22:10:10.312 [restartedMain] INFO  o.s.b.w.e.tomcat.TomcatWebServer - Tomcat initialized with port(s): 8080 (http)
22:10:10.315 [restartedMain] INFO  o.a.coyote.http11.Http11NioProtocol - Initializing ProtocolHandler ["http-nio-8080"]
22:10:10.315 [restartedMain] INFO  o.a.catalina.core.StandardService - Starting service [Tomcat]
22:10:10.315 [restartedMain] INFO  o.a.catalina.core.StandardEngine - Starting Servlet engine: [Apache Tomcat/10.1.13]
22:10:10.333 [restartedMain] INFO  o.a.c.c.C.[Tomcat].[localhost].[/] - Initializing Spring embedded WebApplicationContext
22:10:10.334 [restartedMain] INFO  o.s.b.w.s.c.ServletWebServerApplicationContext - Root WebApplicationContext: initialization completed in 391 ms
22:10:10.460 [restartedMain] INFO  o.s.b.a.w.s.WelcomePageHandlerMapping - Adding welcome page: class path resource [static/index.html]
22:10:10.519 [restartedMain] INFO  o.s.b.d.a.OptionalLiveReloadServer - LiveReload server is running on port 35729
22:10:10.527 [restartedMain] INFO  o.a.coyote.http11.Http11NioProtocol - Starting ProtocolHandler ["http-nio-8080"]
22:10:10.533 [restartedMain] INFO  o.s.b.w.e.tomcat.TomcatWebServer - Tomcat started on port(s): 8080 (http) with context path ''
22:10:10.538 [restartedMain] INFO  com.spring.Application - Started Application in 0.797 seconds (process running for 1.046)
22:10:15.544 [http-nio-8080-exec-1] INFO  o.a.c.c.C.[Tomcat].[localhost].[/] - Initializing Spring DispatcherServlet 'dispatcherServlet'
22:10:15.545 [http-nio-8080-exec-1] INFO  o.s.web.servlet.DispatcherServlet - Initializing Servlet 'dispatcherServlet'
22:10:15.546 [http-nio-8080-exec-1] INFO  o.s.web.servlet.DispatcherServlet - Completed initialization in 1 ms
22:10:15.567 [http-nio-8080-exec-1] INFO  com.spring.controller.RootGetCtr - info requestion RootGet
22:19:54.172 [restartedMain] INFO  com.spring.Application - Starting Application using Java 21.0.1 with PID 14615 (/Users/acaibird/Documents/CodeExperimentSpace/Java/spring/target/classes started by acaibird in /Users/acaibird/Documents/CodeExperimentSpace/Java/spring)
22:19:54.172 [restartedMain] INFO  com.spring.Application - No active profile set, falling back to 1 default profile: "default"
22:19:54.190 [restartedMain] INFO  o.s.b.d.e.DevToolsPropertyDefaultsPostProcessor - Devtools property defaults active! Set 'spring.devtools.add-properties' to 'false' to disable
22:19:54.190 [restartedMain] INFO  o.s.b.d.e.DevToolsPropertyDefaultsPostProcessor - For additional web related logging consider setting the 'logging.level.web' property to 'DEBUG'
22:19:54.566 [restartedMain] INFO  o.s.b.w.e.tomcat.TomcatWebServer - Tomcat initialized with port(s): 8080 (http)
22:19:54.569 [restartedMain] INFO  o.a.coyote.http11.Http11NioProtocol - Initializing ProtocolHandler ["http-nio-8080"]
22:19:54.569 [restartedMain] INFO  o.a.catalina.core.StandardService - Starting service [Tomcat]
22:19:54.569 [restartedMain] INFO  o.a.catalina.core.StandardEngine - Starting Servlet engine: [Apache Tomcat/10.1.13]
22:19:54.587 [restartedMain] INFO  o.a.c.c.C.[Tomcat].[localhost].[/] - Initializing Spring embedded WebApplicationContext
22:19:54.588 [restartedMain] INFO  o.s.b.w.s.c.ServletWebServerApplicationContext - Root WebApplicationContext: initialization completed in 398 ms
22:19:54.716 [restartedMain] INFO  o.s.b.a.w.s.WelcomePageHandlerMapping - Adding welcome page: class path resource [static/index.html]
22:19:54.773 [restartedMain] INFO  o.s.b.d.a.OptionalLiveReloadServer - LiveReload server is running on port 35729
22:19:54.780 [restartedMain] INFO  o.a.coyote.http11.Http11NioProtocol - Starting ProtocolHandler ["http-nio-8080"]
22:19:54.787 [restartedMain] INFO  o.s.b.w.e.tomcat.TomcatWebServer - Tomcat started on port(s): 8080 (http) with context path ''
22:19:54.791 [restartedMain] INFO  com.spring.Application - Started Application in 0.794 seconds (process running for 1.217)
22:20:09.209 [restartedMain] INFO  com.spring.Application - Starting Application using Java 21.0.1 with PID 14619 (/Users/acaibird/Documents/CodeExperimentSpace/Java/spring/target/classes started by acaibird in /Users/acaibird/Documents/CodeExperimentSpace/Java/spring)
22:20:09.210 [restartedMain] INFO  com.spring.Application - No active profile set, falling back to 1 default profile: "default"
22:20:09.228 [restartedMain] INFO  o.s.b.d.e.DevToolsPropertyDefaultsPostProcessor - Devtools property defaults active! Set 'spring.devtools.add-properties' to 'false' to disable
22:20:09.228 [restartedMain] INFO  o.s.b.d.e.DevToolsPropertyDefaultsPostProcessor - For additional web related logging consider setting the 'logging.level.web' property to 'DEBUG'
22:20:09.584 [restartedMain] INFO  o.s.b.w.e.tomcat.TomcatWebServer - Tomcat initialized with port(s): 8080 (http)
22:20:09.587 [restartedMain] INFO  o.a.coyote.http11.Http11NioProtocol - Initializing ProtocolHandler ["http-nio-8080"]
22:20:09.587 [restartedMain] INFO  o.a.catalina.core.StandardService - Starting service [Tomcat]
22:20:09.587 [restartedMain] INFO  o.a.catalina.core.StandardEngine - Starting Servlet engine: [Apache Tomcat/10.1.13]
22:20:09.605 [restartedMain] INFO  o.a.c.c.C.[Tomcat].[localhost].[/] - Initializing Spring embedded WebApplicationContext
22:20:09.606 [restartedMain] INFO  o.s.b.w.s.c.ServletWebServerApplicationContext - Root WebApplicationContext: initialization completed in 376 ms
22:20:09.740 [restartedMain] INFO  o.s.b.a.w.s.WelcomePageHandlerMapping - Adding welcome page: class path resource [static/index.html]
22:20:09.798 [restartedMain] INFO  o.s.b.d.a.OptionalLiveReloadServer - LiveReload server is running on port 35729
22:20:09.806 [restartedMain] INFO  o.a.coyote.http11.Http11NioProtocol - Starting ProtocolHandler ["http-nio-8080"]
22:20:09.814 [restartedMain] INFO  o.s.b.w.e.tomcat.TomcatWebServer - Tomcat started on port(s): 8080 (http) with context path ''
22:20:09.819 [restartedMain] INFO  com.spring.Application - Started Application in 0.792 seconds (process running for 1.045)
22:20:18.338 [restartedMain] INFO  com.spring.Application - Starting Application using Java 21.0.1 with PID 14634 (/Users/acaibird/Documents/CodeExperimentSpace/Java/spring/target/classes started by acaibird in /Users/acaibird/Documents/CodeExperimentSpace/Java/spring)
22:20:18.339 [restartedMain] INFO  com.spring.Application - No active profile set, falling back to 1 default profile: "default"
22:20:18.357 [restartedMain] INFO  o.s.b.d.e.DevToolsPropertyDefaultsPostProcessor - Devtools property defaults active! Set 'spring.devtools.add-properties' to 'false' to disable
22:20:18.357 [restartedMain] INFO  o.s.b.d.e.DevToolsPropertyDefaultsPostProcessor - For additional web related logging consider setting the 'logging.level.web' property to 'DEBUG'
22:20:18.727 [restartedMain] INFO  o.s.b.w.e.tomcat.TomcatWebServer - Tomcat initialized with port(s): 8080 (http)
22:20:18.730 [restartedMain] INFO  o.a.coyote.http11.Http11NioProtocol - Initializing ProtocolHandler ["http-nio-8080"]
22:20:18.730 [restartedMain] INFO  o.a.catalina.core.StandardService - Starting service [Tomcat]
22:20:18.730 [restartedMain] INFO  o.a.catalina.core.StandardEngine - Starting Servlet engine: [Apache Tomcat/10.1.13]
22:20:18.749 [restartedMain] INFO  o.a.c.c.C.[Tomcat].[localhost].[/] - Initializing Spring embedded WebApplicationContext
22:20:18.750 [restartedMain] INFO  o.s.b.w.s.c.ServletWebServerApplicationContext - Root WebApplicationContext: initialization completed in 393 ms
22:20:18.879 [restartedMain] INFO  o.s.b.a.w.s.WelcomePageHandlerMapping - Adding welcome page: class path resource [static/index.html]
22:20:18.935 [restartedMain] INFO  o.s.b.d.a.OptionalLiveReloadServer - LiveReload server is running on port 35729
22:20:18.942 [restartedMain] INFO  o.a.coyote.http11.Http11NioProtocol - Starting ProtocolHandler ["http-nio-8080"]
22:20:18.949 [restartedMain] INFO  o.s.b.w.e.tomcat.TomcatWebServer - Tomcat started on port(s): 8080 (http) with context path ''
22:20:18.953 [restartedMain] INFO  com.spring.Application - Started Application in 0.796 seconds (process running for 1.049)
2023-12-02 22:26:06.017 [1;33m[restartedMain][0;39m [34mINFO [0;39m [36mc.spring.Application[0;39m - [logStarting,51] - Starting Application using Java 21.0.1 with PID 14700 (/Users/acaibird/Documents/CodeExperimentSpace/Java/spring/target/classes started by acaibird in /Users/acaibird/Documents/CodeExperimentSpace/Java/spring)
2023-12-02 22:26:06.018 [1;33m[restartedMain][0;39m [34mINFO [0;39m [36mc.spring.Application[0;39m - [logStartupProfileInfo,637] - No active profile set, falling back to 1 default profile: "default"
2023-12-02 22:26:06.036 [1;33m[restartedMain][0;39m [34mINFO [0;39m [36mo.s.b.d.e.DevToolsPropertyDefaultsPostProcessor[0;39m - [logTo,250] - Devtools property defaults active! Set 'spring.devtools.add-properties' to 'false' to disable
2023-12-02 22:26:06.036 [1;33m[restartedMain][0;39m [34mINFO [0;39m [36mo.s.b.d.e.DevToolsPropertyDefaultsPostProcessor[0;39m - [logTo,250] - For additional web related logging consider setting the 'logging.level.web' property to 'DEBUG'
2023-12-02 22:26:06.412 [1;33m[restartedMain][0;39m [34mINFO [0;39m [36mo.s.b.w.e.t.TomcatWebServer[0;39m - [initialize,108] - Tomcat initialized with port(s): 8080 (http)
2023-12-02 22:26:06.415 [1;33m[restartedMain][0;39m [34mINFO [0;39m [36mo.a.c.h.Http11NioProtocol[0;39m - [log,173] - Initializing ProtocolHandler ["http-nio-8080"]
2023-12-02 22:26:06.415 [1;33m[restartedMain][0;39m [34mINFO [0;39m [36mo.a.c.c.StandardService[0;39m - [log,173] - Starting service [Tomcat]
2023-12-02 22:26:06.415 [1;33m[restartedMain][0;39m [34mINFO [0;39m [36mo.a.c.c.StandardEngine[0;39m - [log,173] - Starting Servlet engine: [Apache Tomcat/10.1.13]
2023-12-02 22:26:06.433 [1;33m[restartedMain][0;39m [34mINFO [0;39m [36mo.a.c.c.C.[.[.[/][0;39m - [log,173] - Initializing Spring embedded WebApplicationContext
2023-12-02 22:26:06.434 [1;33m[restartedMain][0;39m [34mINFO [0;39m [36mo.s.b.w.s.c.ServletWebServerApplicationContext[0;39m - [prepareWebApplicationContext,291] - Root WebApplicationContext: initialization completed in 398 ms
2023-12-02 22:26:06.561 [1;33m[restartedMain][0;39m [34mINFO [0;39m [36mo.s.b.a.w.s.WelcomePageHandlerMapping[0;39m - [<init>,59] - Adding welcome page: class path resource [static/index.html]
2023-12-02 22:26:06.621 [1;33m[restartedMain][0;39m [34mINFO [0;39m [36mo.s.b.d.a.OptionalLiveReloadServer[0;39m - [startServer,59] - LiveReload server is running on port 35729
2023-12-02 22:26:06.629 [1;33m[restartedMain][0;39m [34mINFO [0;39m [36mo.a.c.h.Http11NioProtocol[0;39m - [log,173] - Starting ProtocolHandler ["http-nio-8080"]
2023-12-02 22:26:06.635 [1;33m[restartedMain][0;39m [34mINFO [0;39m [36mo.s.b.w.e.t.TomcatWebServer[0;39m - [start,220] - Tomcat started on port(s): 8080 (http) with context path ''
2023-12-02 22:26:06.640 [1;33m[restartedMain][0;39m [34mINFO [0;39m [36mc.spring.Application[0;39m - [logStarted,57] - Started Application in 0.795 seconds (process running for 1.187)
2023-12-02 22:26:41.625 [1;33m[http-nio-8080-exec-1][0;39m [34mINFO [0;39m [36mo.a.c.c.C.[.[.[/][0;39m - [log,173] - Initializing Spring DispatcherServlet 'dispatcherServlet'
2023-12-02 22:26:41.626 [1;33m[http-nio-8080-exec-1][0;39m [34mINFO [0;39m [36mo.s.w.s.DispatcherServlet[0;39m - [initServletBean,532] - Initializing Servlet 'dispatcherServlet'
2023-12-02 22:26:41.627 [1;33m[http-nio-8080-exec-1][0;39m [34mINFO [0;39m [36mo.s.w.s.DispatcherServlet[0;39m - [initServletBean,554] - Completed initialization in 1 ms
2023-12-02 22:26:44.478 [1;33m[http-nio-8080-exec-2][0;39m [34mINFO [0;39m [36mc.s.c.RootGetCtr[0;39m - [root,15] - info requestion RootGet
2023-12-02 22:26:45.295 [1;33m[http-nio-8080-exec-3][0;39m [34mINFO [0;39m [36mc.s.c.RootGetCtr[0;39m - [root,15] - info requestion RootGet
2023-12-02 23:17:16.454 [1;33m[restartedMain][0;39m [34mINFO [0;39m [36mc.spring.Application[0;39m - [logStarting,51] - Starting Application using Java 21.0.1 with PID 32166 (/Users/acaibird/Documents/CodeExperimentSpace/Java/spring/target/classes started by acaibird in /Users/acaibird/Documents/CodeExperimentSpace/Java/spring)
2023-12-02 23:17:16.455 [1;33m[restartedMain][0;39m [34mINFO [0;39m [36mc.spring.Application[0;39m - [logStartupProfileInfo,637] - No active profile set, falling back to 1 default profile: "default"
2023-12-02 23:17:16.476 [1;33m[restartedMain][0;39m [34mINFO [0;39m [36mo.s.b.d.e.DevToolsPropertyDefaultsPostProcessor[0;39m - [logTo,250] - Devtools property defaults active! Set 'spring.devtools.add-properties' to 'false' to disable
2023-12-02 23:17:16.476 [1;33m[restartedMain][0;39m [34mINFO [0;39m [36mo.s.b.d.e.DevToolsPropertyDefaultsPostProcessor[0;39m - [logTo,250] - For additional web related logging consider setting the 'logging.level.web' property to 'DEBUG'
2023-12-02 23:17:16.889 [1;33m[restartedMain][0;39m [34mINFO [0;39m [36mo.s.b.w.e.t.TomcatWebServer[0;39m - [initialize,108] - Tomcat initialized with port(s): 8080 (http)
2023-12-02 23:17:16.892 [1;33m[restartedMain][0;39m [34mINFO [0;39m [36mo.a.c.h.Http11NioProtocol[0;39m - [log,173] - Initializing ProtocolHandler ["http-nio-8080"]
2023-12-02 23:17:16.893 [1;33m[restartedMain][0;39m [34mINFO [0;39m [36mo.a.c.c.StandardService[0;39m - [log,173] - Starting service [Tomcat]
2023-12-02 23:17:16.893 [1;33m[restartedMain][0;39m [34mINFO [0;39m [36mo.a.c.c.StandardEngine[0;39m - [log,173] - Starting Servlet engine: [Apache Tomcat/10.1.13]
2023-12-02 23:17:16.914 [1;33m[restartedMain][0;39m [34mINFO [0;39m [36mo.a.c.c.C.[.[.[/][0;39m - [log,173] - Initializing Spring embedded WebApplicationContext
2023-12-02 23:17:16.914 [1;33m[restartedMain][0;39m [34mINFO [0;39m [36mo.s.b.w.s.c.ServletWebServerApplicationContext[0;39m - [prepareWebApplicationContext,291] - Root WebApplicationContext: initialization completed in 438 ms
2023-12-02 23:17:17.052 [1;33m[restartedMain][0;39m [34mINFO [0;39m [36mo.s.b.a.w.s.WelcomePageHandlerMapping[0;39m - [<init>,59] - Adding welcome page: class path resource [static/index.html]
2023-12-02 23:17:17.114 [1;33m[restartedMain][0;39m [34mINFO [0;39m [36mo.s.b.d.a.OptionalLiveReloadServer[0;39m - [startServer,59] - LiveReload server is running on port 35729
2023-12-02 23:17:17.122 [1;33m[restartedMain][0;39m [34mINFO [0;39m [36mo.a.c.h.Http11NioProtocol[0;39m - [log,173] - Starting ProtocolHandler ["http-nio-8080"]
2023-12-02 23:17:17.130 [1;33m[restartedMain][0;39m [34mINFO [0;39m [36mo.s.b.w.e.t.TomcatWebServer[0;39m - [start,220] - Tomcat started on port(s): 8080 (http) with context path ''
2023-12-02 23:17:17.135 [1;33m[restartedMain][0;39m [34mINFO [0;39m [36mc.spring.Application[0;39m - [logStarted,57] - Started Application in 0.865 seconds (process running for 1.322)
2023-12-02 23:17:22.895 [1;33m[http-nio-8080-exec-1][0;39m [34mINFO [0;39m [36mo.a.c.c.C.[.[.[/][0;39m - [log,173] - Initializing Spring DispatcherServlet 'dispatcherServlet'
2023-12-02 23:17:22.896 [1;33m[http-nio-8080-exec-1][0;39m [34mINFO [0;39m [36mo.s.w.s.DispatcherServlet[0;39m - [initServletBean,532] - Initializing Servlet 'dispatcherServlet'
2023-12-02 23:17:22.897 [1;33m[http-nio-8080-exec-1][0;39m [34mINFO [0;39m [36mo.s.w.s.DispatcherServlet[0;39m - [initServletBean,554] - Completed initialization in 1 ms
2023-12-02 23:17:22.954 [1;33m[http-nio-8080-exec-1][0;39m [34mINFO [0;39m [36mc.z.h.HikariDataSource[0;39m - [getConnection,110] - HikariPool-1 - Starting...
2023-12-02 23:17:23.072 [1;33m[http-nio-8080-exec-1][0;39m [34mINFO [0;39m [36mc.z.h.p.HikariPool[0;39m - [checkFailFast,565] - HikariPool-1 - Added connection com.mysql.cj.jdbc.ConnectionImpl@746f1228
2023-12-02 23:17:23.073 [1;33m[http-nio-8080-exec-1][0;39m [34mINFO [0;39m [36mc.z.h.HikariDataSource[0;39m - [getConnection,123] - HikariPool-1 - Start completed.
2023-12-02 23:37:31.062 [1;33m[HikariPool-1 housekeeper][0;39m [31mWARN [0;39m [36mc.z.h.p.HikariPool[0;39m - [run,804] - HikariPool-1 - Thread starvation or clock leap detected (housekeeper delta=5m7s794ms).
2023-12-02 23:39:31.266 [1;33m[HikariPool-1 housekeeper][0;39m [31mWARN [0;39m [36mc.z.h.p.HikariPool[0;39m - [run,804] - HikariPool-1 - Thread starvation or clock leap detected (housekeeper delta=1m30s198ms).
2023-12-02 23:43:01.423 [1;33m[HikariPool-1 housekeeper][0;39m [31mWARN [0;39m [36mc.z.h.p.HikariPool[0;39m - [run,804] - HikariPool-1 - Thread starvation or clock leap detected (housekeeper delta=2m48s269ms).
2023-12-02 23:44:50.872 [1;33m[HikariPool-1 housekeeper][0;39m [31mWARN [0;39m [36mc.z.h.p.HikariPool[0;39m - [run,804] - HikariPool-1 - Thread starvation or clock leap detected (housekeeper delta=1m49s448ms).
2023-12-02 23:46:44.785 [1;33m[HikariPool-1 housekeeper][0;39m [31mWARN [0;39m [36mc.z.h.p.HikariPool[0;39m - [run,804] - HikariPool-1 - Thread starvation or clock leap detected (housekeeper delta=1m53s914ms).
2023-12-02 23:48:01.592 [1;33m[HikariPool-1 housekeeper][0;39m [31mWARN [0;39m [36mc.z.h.p.HikariPool[0;39m - [run,804] - HikariPool-1 - Thread starvation or clock leap detected (housekeeper delta=1m16s807ms).
2023-12-02 23:48:56.975 [1;33m[HikariPool-1 housekeeper][0;39m [31mWARN [0;39m [36mc.z.h.p.HikariPool[0;39m - [run,804] - HikariPool-1 - Thread starvation or clock leap detected (housekeeper delta=55s383ms).
